2019-12-09 23:43:59.164  INFO 6072 --- [restartedMain] o.s.b.w.embedded.tomcat.TomcatWebServer  : Tomcat initialized with port(s): 8080 (http)
2019-12-09 23:43:59.193  INFO 6072 --- [restartedMain] o.apache.catalina.core.StandardService   : Starting service [Tomcat]
2019-12-09 23:43:59.193  INFO 6072 --- [restartedMain] org.apache.catalina.core.StandardEngine  : Starting Servlet engine: [Apache Tomcat/9.0.24]
2019-12-09 23:43:59.401  INFO 6072 --- [restartedMain] o.a.c.c.C.[Tomcat].[localhost].[/]       : Initializing Spring embedded WebApplicationContext
2019-12-09 23:43:59.401  INFO 6072 --- [restartedMain] o.s.web.context.ContextLoader            : Root WebApplicationContext: initialization completed in 1918 ms
2019-12-09 23:44:00.377  INFO 6072 --- [restartedMain] o.s.b.d.a.OptionalLiveReloadServer       : LiveReload server is running on port 35729
2019-12-09 23:44:00.424  INFO 6072 --- [restartedMain] o.s.b.w.embedded.tomcat.TomcatWebServer  : Tomcat started on port(s): 8080 (http) with context path ''
2019-12-09 23:44:00.427  INFO 6072 --- [restartedMain] c.r.estate.estate.EstateApplication      : Started EstateApplication in 3.451 seconds (JVM running for 4.884)
2019-12-09 23:46:14.610  INFO 2612 --- [restartedMain] c.r.estate.estate.EstateApplication      : Starting EstateApplication on DESKTOP-T2D7GF6 with PID 2612 (F:\heroTime\springBoot\estate\target\classes started by Dell in F:\heroTime\springBoot\estate)
2019-12-09 23:46:14.611  INFO 2612 --- [restartedMain] c.r.estate.estate.EstateApplication      : No active profile set, falling back to default profiles: default
2019-12-09 23:46:14.677  INFO 2612 --- [restartedMain] .e.DevToolsPropertyDefaultsPostProcessor : Devtools property defaults active! Set 'spring.devtools.add-properties' to 'false' to disable
2019-12-09 23:46:14.677  INFO 2612 --- [restartedMain] .e.DevToolsPropertyDefaultsPostProcessor : For additional web related logging consider setting the 'logging.level.web' property to 'DEBUG'
2019-12-09 23:46:14.773  WARN 2612 --- [background-preinit] o.s.h.c.j.Jackson2ObjectMapperBuilder    : For Jackson Kotlin classes support please add "com.fasterxml.jackson.module:jackson-module-kotlin" to the classpath
2019-12-09 23:46:19.445  INFO 15344 --- [restartedMain] c.r.estate.estate.EstateApplication      : Starting EstateApplication on DESKTOP-T2D7GF6 with PID 15344 (F:\heroTime\springBoot\estate\target\classes started by Dell in F:\heroTime\springBoot\estate)
2019-12-09 23:46:19.446  INFO 15344 --- [restartedMain] c.r.estate.estate.EstateApplication      : No active profile set, falling back to default profiles: default
2019-12-09 23:46:19.490  INFO 15344 --- [restartedMain] .e.DevToolsPropertyDefaultsPostProcessor : Devtools property defaults active! Set 'spring.devtools.add-properties' to 'false' to disable
2019-12-09 23:46:19.490  INFO 15344 --- [restartedMain] .e.DevToolsPropertyDefaultsPostProcessor : For additional web related logging consider setting the 'logging.level.web' property to 'DEBUG'
2019-12-09 23:46:19.592  WARN 15344 --- [background-preinit] o.s.h.c.j.Jackson2ObjectMapperBuilder    : For Jackson Kotlin classes support please add "com.fasterxml.jackson.module:jackson-module-kotlin" to the classpath
2019-12-09 23:46:21.038  INFO 15344 --- [restartedMain] o.s.b.w.embedded.tomcat.TomcatWebServer  : Tomcat initialized with port(s): 8080 (http)
2019-12-09 23:46:21.091  INFO 15344 --- [restartedMain] o.apache.catalina.core.StandardService   : Starting service [Tomcat]
2019-12-09 23:46:21.092  INFO 15344 --- [restartedMain] org.apache.catalina.core.StandardEngine  : Starting Servlet engine: [Apache Tomcat/9.0.24]
2019-12-09 23:46:21.229  INFO 15344 --- [restartedMain] o.a.c.c.C.[Tomcat].[localhost].[/]       : Initializing Spring embedded WebApplicationContext
2019-12-09 23:46:21.229  INFO 15344 --- [restartedMain] o.s.web.context.ContextLoader            : Root WebApplicationContext: initialization completed in 1739 ms
2019-12-09 23:46:22.369  INFO 15344 --- [restartedMain] o.s.b.d.a.OptionalLiveReloadServer       : LiveReload server is running on port 35729
2019-12-09 23:46:22.431  INFO 15344 --- [restartedMain] o.s.b.w.embedded.tomcat.TomcatWebServer  : Tomcat started on port(s): 8080 (http) with context path ''
2019-12-09 23:46:22.438  INFO 15344 --- [restartedMain] c.r.estate.estate.EstateApplication      : Started EstateApplication in 3.437 seconds (JVM running for 4.971)
2019-12-09 23:46:23.039  INFO 15344 --- [http-nio-8080-exec-1] o.a.c.c.C.[Tomcat].[localhost].[/]       : Initializing Spring DispatcherServlet 'dispatcherServlet'
2019-12-09 23:46:23.040  INFO 15344 --- [http-nio-8080-exec-1] o.s.web.servlet.DispatcherServlet        : Initializing Servlet 'dispatcherServlet'
2019-12-09 23:46:23.047  INFO 15344 --- [http-nio-8080-exec-1] o.s.web.servlet.DispatcherServlet        : Completed initialization in 6 ms
2019-12-09 23:46:23.107  INFO 15344 --- [http-nio-8080-exec-1] com.zaxxer.hikari.HikariDataSource       : sa - Starting...
2019-12-09 23:46:23.289  INFO 15344 --- [http-nio-8080-exec-1] com.zaxxer.hikari.HikariDataSource       : sa - Start completed.
2019-12-09 23:46:23.301 DEBUG 15344 --- [http-nio-8080-exec-1] c.r.e.e.M.UserMapper.selectByExample     : ==>  Preparing: select ID, ACCOUNT_ID, NAME, TOKEN, GMT_CREATE, GMT_MODIFIED, BIO, AVATAR_URL from USER WHERE ( TOKEN = ? ) 
2019-12-09 23:46:23.326 DEBUG 15344 --- [http-nio-8080-exec-1] c.r.e.e.M.UserMapper.selectByExample     : ==> Parameters: 958a5207-481e-4231-b3f0-72ef144058b7(String)
2019-12-09 23:46:23.342 DEBUG 15344 --- [http-nio-8080-exec-1] c.r.e.e.M.UserMapper.selectByExample     : <==      Total: 1
2019-12-09 23:46:23.347 DEBUG 15344 --- [http-nio-8080-exec-1] c.r.e.e.M.QuestionMapper.countByExample  : ==>  Preparing: select count(*) from QUESTION WHERE ( CREATOR = ? ) 
2019-12-09 23:46:23.348 DEBUG 15344 --- [http-nio-8080-exec-1] c.r.e.e.M.QuestionMapper.countByExample  : ==> Parameters: 289(Long)
2019-12-09 23:46:23.352 DEBUG 15344 --- [http-nio-8080-exec-1] c.r.e.e.M.QuestionMapper.countByExample  : <==      Total: 1
2019-12-09 23:46:23.356 DEBUG 15344 --- [http-nio-8080-exec-1] c.r.e.e.M.N.countByExample               : ==>  Preparing: select count(*) from NOTIFICATION WHERE ( RECEIVER = ? and STATUS = ? ) 
2019-12-09 23:46:23.358 DEBUG 15344 --- [http-nio-8080-exec-1] c.r.e.e.M.N.countByExample               : ==> Parameters: 289(Long), 0(Integer)
2019-12-09 23:46:23.358 DEBUG 15344 --- [http-nio-8080-exec-1] c.r.e.e.M.N.countByExample               : <==      Total: 1
2019-12-09 23:46:23.382 DEBUG 15344 --- [http-nio-8080-exec-1] c.r.e.e.M.Q.selectByExample              : ==>  Preparing: select ID, TITLE, GMT_CREATE, GMT_MODIFIED, CREATOR, COMMENT_COUNT, VIEW_COUNT, LIKE_COUNT, TAG from QUESTION order by view_count desc Limit 5 
2019-12-09 23:46:23.383 DEBUG 15344 --- [http-nio-8080-exec-1] c.r.e.e.M.Q.selectByExample              : ==> Parameters: 
2019-12-09 23:46:23.385 DEBUG 15344 --- [http-nio-8080-exec-1] c.r.e.e.M.Q.selectByExample              : <==      Total: 5
2019-12-09 23:46:23.389 DEBUG 15344 --- [http-nio-8080-exec-1] c.r.e.e.M.Q.countBySearch                : ==>  Preparing: select count(*) from QUESTION 
2019-12-09 23:46:23.390 DEBUG 15344 --- [http-nio-8080-exec-1] c.r.e.e.M.Q.countBySearch                : ==> Parameters: 
2019-12-09 23:46:23.392 DEBUG 15344 --- [http-nio-8080-exec-1] c.r.e.e.M.Q.countBySearch                : <==      Total: 1
2019-12-09 23:46:23.393 DEBUG 15344 --- [http-nio-8080-exec-1] c.r.e.e.M.Q.selectBySearch               : ==>  Preparing: select * from QUESTION order by gmt_create desc limit ?,? 
2019-12-09 23:46:23.394 DEBUG 15344 --- [http-nio-8080-exec-1] c.r.e.e.M.Q.selectBySearch               : ==> Parameters: 0(Integer), 5(Integer)
2019-12-09 23:46:23.398 DEBUG 15344 --- [http-nio-8080-exec-1] c.r.e.e.M.Q.selectBySearch               : <==      Total: 5
2019-12-09 23:46:23.405 DEBUG 15344 --- [http-nio-8080-exec-1] c.r.e.e.M.UserMapper.selectByPrimaryKey  : ==>  Preparing: select ID, ACCOUNT_ID, NAME, TOKEN, GMT_CREATE, GMT_MODIFIED, BIO, AVATAR_URL from USER where ID = ? 
2019-12-09 23:46:23.405 DEBUG 15344 --- [http-nio-8080-exec-1] c.r.e.e.M.UserMapper.selectByPrimaryKey  : ==> Parameters: 289(Long)
2019-12-09 23:46:23.407 DEBUG 15344 --- [http-nio-8080-exec-1] c.r.e.e.M.UserMapper.selectByPrimaryKey  : <==      Total: 1
2019-12-09 23:46:23.407 DEBUG 15344 --- [http-nio-8080-exec-1] c.r.e.e.M.UserMapper.selectByPrimaryKey  : ==>  Preparing: select ID, ACCOUNT_ID, NAME, TOKEN, GMT_CREATE, GMT_MODIFIED, BIO, AVATAR_URL from USER where ID = ? 
2019-12-09 23:46:23.408 DEBUG 15344 --- [http-nio-8080-exec-1] c.r.e.e.M.UserMapper.selectByPrimaryKey  : ==> Parameters: 289(Long)
2019-12-09 23:46:23.408 DEBUG 15344 --- [http-nio-8080-exec-1] c.r.e.e.M.UserMapper.selectByPrimaryKey  : <==      Total: 1
2019-12-09 23:46:23.409 DEBUG 15344 --- [http-nio-8080-exec-1] c.r.e.e.M.UserMapper.selectByPrimaryKey  : ==>  Preparing: select ID, ACCOUNT_ID, NAME, TOKEN, GMT_CREATE, GMT_MODIFIED, BIO, AVATAR_URL from USER where ID = ? 
2019-12-09 23:46:23.409 DEBUG 15344 --- [http-nio-8080-exec-1] c.r.e.e.M.UserMapper.selectByPrimaryKey  : ==> Parameters: 289(Long)
2019-12-09 23:46:23.410 DEBUG 15344 --- [http-nio-8080-exec-1] c.r.e.e.M.UserMapper.selectByPrimaryKey  : <==      Total: 1
2019-12-09 23:46:23.410 DEBUG 15344 --- [http-nio-8080-exec-1] c.r.e.e.M.UserMapper.selectByPrimaryKey  : ==>  Preparing: select ID, ACCOUNT_ID, NAME, TOKEN, GMT_CREATE, GMT_MODIFIED, BIO, AVATAR_URL from USER where ID = ? 
2019-12-09 23:46:23.410 DEBUG 15344 --- [http-nio-8080-exec-1] c.r.e.e.M.UserMapper.selectByPrimaryKey  : ==> Parameters: 289(Long)
2019-12-09 23:46:23.410 DEBUG 15344 --- [http-nio-8080-exec-1] c.r.e.e.M.UserMapper.selectByPrimaryKey  : <==      Total: 1
2019-12-09 23:46:23.411 DEBUG 15344 --- [http-nio-8080-exec-1] c.r.e.e.M.UserMapper.selectByPrimaryKey  : ==>  Preparing: select ID, ACCOUNT_ID, NAME, TOKEN, GMT_CREATE, GMT_MODIFIED, BIO, AVATAR_URL from USER where ID = ? 
2019-12-09 23:46:23.411 DEBUG 15344 --- [http-nio-8080-exec-1] c.r.e.e.M.UserMapper.selectByPrimaryKey  : ==> Parameters: 289(Long)
2019-12-09 23:46:23.412 DEBUG 15344 --- [http-nio-8080-exec-1] c.r.e.e.M.UserMapper.selectByPrimaryKey  : <==      Total: 1
